{
  "stats": {
    "suites": 1,
    "tests": 4,
    "passes": 4,
    "pending": 0,
    "failures": 0,
    "start": "2022-04-29T11:29:12.518Z",
    "end": "2022-04-29T11:29:38.052Z",
    "duration": 25534,
    "testsRegistered": 4,
    "passPercent": 100,
    "pendingPercent": 0,
    "other": 0,
    "hasOther": false,
    "skipped": 0,
    "hasSkipped": false
  },
  "results": [
    {
      "uuid": "c63f8a77-6d23-4739-b472-4163982a013c",
      "title": "",
      "fullFile": "cypress/integration/firstTest.spec.js",
      "file": "cypress/integration/firstTest.spec.js",
      "beforeHooks": [],
      "afterHooks": [],
      "tests": [],
      "suites": [
        {
          "uuid": "b3c48bc2-a7f0-4412-a3d5-85b08b6daf0a",
          "title": "Test with backend",
          "fullFile": "",
          "file": "",
          "beforeHooks": [],
          "afterHooks": [],
          "tests": [
            {
              "title": "Verify correct request and response",
              "fullTitle": "Test with backend Verify correct request and response",
              "timedOut": null,
              "duration": 10126,
              "state": "passed",
              "speed": "slow",
              "pass": true,
              "fail": false,
              "pending": false,
              "context": null,
              "code": "// cy.log(\"LOGGED IN\");\n// To intercept the calls, we need to create a Cypress server\n// cy.server();\ncy.intercept(\"POST\", \"**/api.realworld.io/api/articles\").as(\"postArticles\"); // cy.intercept(\"POST\", \"**/articles\").as(\"postArticles\");\ncy.contains(\"New Article\").click();\nconst articleTitle = \"This is the title of this article\";\nconst articleDescription = \"This is the description\";\nconst articleText = \"Article text\"; // Fill in the inputs\ncy.get(\"input[placeholder='Article Title']\").type(articleTitle);\ncy.get('input[placeholder=\"What\\'s this article about?\"]').type(articleDescription);\ncy.get('textarea[placeholder=\"Write your article (in markdown)\"]').type(articleText);\ncy.contains(\"button\", \"Publish Article\").click(); // wait for the request to complete and handle the returned value\ncy.wait(\"@postArticles\");\ncy.get(\"@postArticles\").then(xhr => {\n  console.log(xhr); // assert that the request title is the one we typed\n  // and that the response description is the one we typed\n  expect(xhr.response.statusCode).to.equal(200);\n  expect(xhr.request.body.article.title).to.equal(articleTitle);\n  expect(xhr.response.body.article.title).to.equal(articleTitle);\n});\ndeleteArticleByTitle(articleTitle);",
              "err": {},
              "uuid": "0d2edd3c-d70b-4a50-be8c-b9be78b7c08e",
              "parentUUID": "b3c48bc2-a7f0-4412-a3d5-85b08b6daf0a",
              "isHook": false,
              "skipped": false
            },
            {
              "title": "Intercept and modify request and response",
              "fullTitle": "Test with backend Intercept and modify request and response",
              "timedOut": null,
              "duration": 7038,
              "state": "passed",
              "speed": "medium",
              "pass": true,
              "fail": false,
              "pending": false,
              "context": null,
              "code": "// Modify Request\n// cy.intercept(\"POST\", \"**/api.realworld.io/api/articles\", (req) => {\n//   req.body.article.description = \"This is a description 2\";\n// }).as(\"postArticles\");\n// Modify Response\ncy.intercept(\"POST\", \"**/api.realworld.io/api/articles\", req => {\n  req.reply(res => {\n    expect(res.body.article.description).to.equal(\"This is the description\");\n    res.body.article.description = \"This is the description 2\";\n  });\n}).as(\"postArticles\");\ncy.contains(\"New Article\").click();\nconst articleTitle = \"This is the title of this article\";\nconst articleDescription = \"This is the description\";\nconst articleText = \"Article text\"; // Fill in the inputs\ncy.get(\"input[placeholder='Article Title']\").type(articleTitle);\ncy.get('input[placeholder=\"What\\'s this article about?\"]').type(articleDescription);\ncy.get('textarea[placeholder=\"Write your article (in markdown)\"]').type(articleText);\ncy.contains(\"button\", \"Publish Article\").click(); // wait for the request to complete and handle the returned value\ncy.wait(\"@postArticles\");\ncy.get(\"@postArticles\").then(xhr => {\n  console.log(xhr); // assert that the request title is the one we typed\n  // and that the response description is the one we typed\n  expect(xhr.response.statusCode).to.equal(200);\n  expect(xhr.request.body.article.title).to.equal(articleTitle);\n  expect(xhr.response.body.article.title).to.equal(articleTitle);\n});\ndeleteArticleByTitle(articleTitle);",
              "err": {},
              "uuid": "be3a7bde-47fc-43f9-821d-08d469ec520f",
              "parentUUID": "b3c48bc2-a7f0-4412-a3d5-85b08b6daf0a",
              "isHook": false,
              "skipped": false
            },
            {
              "title": "Intercept get request with custom response",
              "fullTitle": "Test with backend Intercept get request with custom response",
              "timedOut": null,
              "duration": 1889,
              "state": "passed",
              "speed": "fast",
              "pass": true,
              "fail": false,
              "pending": false,
              "context": null,
              "code": "// cy.wait(\"@getTags\");\ncy.get(\".tag-list\").should(\"contain\", \"cypress\").and(\"contain\", \"automation\").and(\"contain\", \"testing\");",
              "err": {},
              "uuid": "19e284be-6799-4b73-8205-79f75d69b476",
              "parentUUID": "b3c48bc2-a7f0-4412-a3d5-85b08b6daf0a",
              "isHook": false,
              "skipped": false
            },
            {
              "title": "Verify global feed likes count",
              "fullTitle": "Test with backend Verify global feed likes count",
              "timedOut": null,
              "duration": 6371,
              "state": "passed",
              "speed": "medium",
              "pass": true,
              "fail": false,
              "pending": false,
              "context": null,
              "code": "cy.intercept(\"GET\", \"**/articles/feed\", {\n  articles: [],\n  articlesCount: 0\n});\ncy.intercept(\"GET\", \"**/articles*\", {\n  fixture: \"articles.json\"\n});\ncy.wait(2000);\ncy.contains(\"Global Feed\").click();\ncy.get(\"app-article-list button\").then(likeButtons => {\n  expect(likeButtons[0]).to.contain(15);\n  expect(likeButtons[1]).to.contain(2);\n});\ncy.fixture(\"articles\").then(file => {\n  const articleLink = file.articles[1].slug;\n  cy.intercept(\"POST\", `**/articles/${articleLink}/favourite`, file.articles[1]);\n});\ncy.get(\"app-article-list button\").eq(1).click().should(\"contain\", 3);",
              "err": {},
              "uuid": "f8c45454-28fd-4719-9a2d-9f1c29c10fc2",
              "parentUUID": "b3c48bc2-a7f0-4412-a3d5-85b08b6daf0a",
              "isHook": false,
              "skipped": false
            }
          ],
          "suites": [],
          "passes": [
            "0d2edd3c-d70b-4a50-be8c-b9be78b7c08e",
            "be3a7bde-47fc-43f9-821d-08d469ec520f",
            "19e284be-6799-4b73-8205-79f75d69b476",
            "f8c45454-28fd-4719-9a2d-9f1c29c10fc2"
          ],
          "failures": [],
          "pending": [],
          "skipped": [],
          "duration": 25424,
          "root": false,
          "rootEmpty": false,
          "_timeout": 2000
        }
      ],
      "passes": [],
      "failures": [],
      "pending": [],
      "skipped": [],
      "duration": 0,
      "root": true,
      "rootEmpty": true,
      "_timeout": 2000
    }
  ],
  "meta": {
    "mocha": {
      "version": "7.0.1"
    },
    "mochawesome": {
      "options": {
        "quiet": false,
        "reportFilename": "mochawesome",
        "saveHtml": false,
        "saveJson": true,
        "consoleReporter": "spec",
        "useInlineDiffs": false,
        "code": true
      },
      "version": "7.1.3"
    },
    "marge": {
      "options": {
        "id": "default",
        "reportDir": "cypress/results/mochawesome",
        "overwrite": false,
        "html": false,
        "json": true
      },
      "version": "6.2.0"
    }
  }
}