<?xml version="1.0" encoding="UTF-8"?>
<testsuites name="Mocha Tests" time="43.0540" tests="5" failures="0">
  <testsuite name="Root Suite" timestamp="2022-04-29T11:25:02" tests="0" file="cypress/integration/firstTest.spec.js" time="0.0000" failures="0">
  </testsuite>
  <testsuite name="Test with backend" timestamp="2022-04-29T11:25:02" tests="5" time="43.0160" failures="0">
    <testcase name="Test with backend Verify correct request and response" time="15.7090" classname="Verify correct request and response">
    </testcase>
    <testcase name="Test with backend Intercept and modify request and response" time="12.1210" classname="Intercept and modify request and response">
    </testcase>
    <testcase name="Test with backend Intercept get request with custom response" time="2.4660" classname="Intercept get request with custom response">
    </testcase>
    <testcase name="Test with backend Verify global feed likes count" time="6.2300" classname="Verify global feed likes count">
    </testcase>
    <testcase name="Test with backend Test article deletion" time="5.9700" classname="Test article deletion">
    </testcase>
  </testsuite>
</testsuites>