<?xml version="1.0" encoding="UTF-8"?>
<testsuites name="Mocha Tests" time="31.7760" tests="5" failures="0">
  <testsuite name="Root Suite" timestamp="2022-04-29T11:17:01" tests="0" file="cypress/integration/firstTest.spec.js" time="0.0000" failures="0">
  </testsuite>
  <testsuite name="Test with backend" timestamp="2022-04-29T11:17:01" tests="5" time="31.6890" failures="0">
    <testcase name="Test with backend Verify correct request and response" time="11.6630" classname="Verify correct request and response">
    </testcase>
    <testcase name="Test with backend Intercept and modify request and response" time="8.6890" classname="Intercept and modify request and response">
    </testcase>
    <testcase name="Test with backend Intercept get request with custom response" time="1.9980" classname="Intercept get request with custom response">
    </testcase>
    <testcase name="Test with backend Verify global feed likes count" time="4.9370" classname="Verify global feed likes count">
    </testcase>
    <testcase name="Test with backend Test article deletion" time="4.2630" classname="Test article deletion">
    </testcase>
  </testsuite>
</testsuites>