<?xml version="1.0" encoding="UTF-8"?>
<testsuites name="Mocha Tests" time="33.9360" tests="5" failures="0">
  <testsuite name="Root Suite" timestamp="2022-04-29T12:02:21" tests="0" file="cypress/integration/firstTest.spec.js" time="0.0000" failures="0">
  </testsuite>
  <testsuite name="Test with backend" timestamp="2022-04-29T12:02:21" tests="5" time="33.8980" failures="0">
    <testcase name="Test with backend Verify correct request and response" time="10.3540" classname="Verify correct request and response">
    </testcase>
    <testcase name="Test with backend Intercept and modify request and response" time="10.4360" classname="Intercept and modify request and response">
    </testcase>
    <testcase name="Test with backend Intercept get request with custom response" time="2.0720" classname="Intercept get request with custom response">
    </testcase>
    <testcase name="Test with backend Verify global feed likes count" time="5.4270" classname="Verify global feed likes count">
    </testcase>
    <testcase name="Test with backend Test article deletion" time="5.2810" classname="Test article deletion">
    </testcase>
  </testsuite>
</testsuites>