<?xml version="1.0" encoding="UTF-8"?>
<testsuites name="Mocha Tests" time="25.5340" tests="4" failures="0">
  <testsuite name="Root Suite" timestamp="2022-04-29T11:29:12" tests="0" file="cypress/integration/firstTest.spec.js" time="0.0000" failures="0">
  </testsuite>
  <testsuite name="Test with backend" timestamp="2022-04-29T11:29:12" tests="4" time="25.5070" failures="0">
    <testcase name="Test with backend Verify correct request and response" time="10.1260" classname="Verify correct request and response">
    </testcase>
    <testcase name="Test with backend Intercept and modify request and response" time="7.0380" classname="Intercept and modify request and response">
    </testcase>
    <testcase name="Test with backend Intercept get request with custom response" time="1.8890" classname="Intercept get request with custom response">
    </testcase>
    <testcase name="Test with backend Verify global feed likes count" time="6.3710" classname="Verify global feed likes count">
    </testcase>
  </testsuite>
</testsuites>